<?xml version="1.0" encoding="UTF-8"?>
<!-- Generated by org.testng.reporters.JUnitReportReporter -->
<testsuite hostname="DESKTOP-MN0A3FR" failures="0" tests="1" name="AmazonPages.AmazonHomePage" time="4.529" errors="0" timestamp="2021-12-10T11:23:51 IST" skipped="0">
  <testcase classname="AmazonPages.AmazonHomePage" name="setup" time="4.529"/>
  <system-out/>
</testsuite> <!-- AmazonPages.AmazonHomePage -->
